<?xml version="1.0" encoding="UTF-8"?>
<!-- Generated by org.testng.reporters.JUnitReportReporter -->
<testsuite hostname="DESKTOP-8JJVARI" name="TestCasess.login" tests="3" failures="0" timestamp="5 Aug 2022 12:15:41 GMT" time="18.607" errors="0">
  <testcase name="EmpModuleDislpayed" time="12.550" classname="TestCasess.login"/>
  <testcase name="isErrorMsgDisplayed" time="1.057" classname="TestCasess.login"/>
  <testcase name="loginPage" time="5.000" classname="TestCasess.login"/>
</testsuite> <!-- TestCasess.login -->
