<?xml version="1.0" encoding="UTF-8"?>
<!-- Generated by org.testng.reporters.JUnitReportReporter -->
<testsuite hostname="DESKTOP-8JJVARI" name="TestCasess.addempmodule" tests="2" failures="0" timestamp="5 Aug 2022 10:01:14 GMT" time="15.581" errors="0">
  <testcase name="addempmodule" time="10.667" classname="TestCasess.addempmodule"/>
  <testcase name="addemployee" time="4.914" classname="TestCasess.addempmodule"/>
</testsuite> <!-- TestCasess.addempmodule -->
